{
  "RSpec": {
    "coverage": {
      "/Users/student/Documents/week10/bank challenge/lib/interaction.rb": [
        1,
        1,
        null,
        1,
        1,
        1,
        null,
        1,
        5,
        5,
        5,
        null,
        null,
        1,
        5,
        5,
        9,
        9,
        9,
        9,
        null,
        null,
        null,
        null,
        1,
        2,
        2,
        2,
        null,
        null,
        1,
        2,
        2,
        2,
        null,
        null,
        1,
        null,
        1,
        9,
        9,
        9,
        null,
        null
      ],
      "/Users/student/Documents/week10/bank challenge/lib/account.rb": [
        1,
        1,
        null,
        1,
        8,
        8,
        null,
        null,
        1,
        3,
        3,
        null,
        null,
        1,
        3,
        3,
        null,
        null
      ],
      "/Users/student/Documents/week10/bank challenge/lib/transaction.rb": [
        1,
        1,
        null,
        1,
        8,
        8,
        8,
        8,
        null,
        null
      ],
      "/Users/student/Documents/week10/bank challenge/spec/feature/make_a_deposit_spec.rb": [
        1,
        1,
        1,
        null,
        1,
        null,
        null,
        null,
        null,
        1,
        null,
        1,
        null,
        1,
        1,
        1,
        1,
        1,
        1,
        null,
        null
      ],
      "/Users/student/Documents/week10/bank challenge/spec/feature/make_a_withdrawal_spec.rb": [
        1,
        1,
        1,
        null,
        1,
        null,
        null,
        null,
        null,
        1,
        null,
        1,
        null,
        1,
        1,
        1,
        1,
        1,
        1,
        null,
        null
      ],
      "/Users/student/Documents/week10/bank challenge/spec/unit/account_spec.rb": [
        1,
        1,
        1,
        1,
        null,
        1,
        1,
        1,
        1,
        1,
        null,
        1,
        1,
        1,
        1,
        1,
        null,
        null
      ],
      "/Users/student/Documents/week10/bank challenge/spec/unit/interaction_spec.rb": [
        1,
        1,
        1,
        1,
        1,
        null,
        null
      ],
      "/Users/student/Documents/week10/bank challenge/spec/unit/transaction_spec.rb": [
        1,
        1,
        1,
        1,
        1,
        1,
        1,
        null,
        1,
        1,
        1,
        1,
        1,
        null,
        null
      ]
    },
    "timestamp": 1571659135
  }
}
