{
  "RSpec": {
    "coverage": {
      "/Users/student/Documents/week10/bank challenge/lib/interaction.rb": [
        1,
        1,
        1,
        null,
        1,
        1,
        1,
        null,
        1,
        7,
        7,
        7,
        null,
        null,
        1,
        7,
        7,
        16,
        16,
        16,
        null,
        3,
        null,
        3,
        null,
        0,
        null,
        3,
        null,
        null,
        null,
        null,
        1,
        3,
        3,
        3,
        3,
        null,
        null,
        1,
        3,
        3,
        3,
        3,
        null,
        null,
        1,
        2,
        null,
        null,
        1,
        3,
        3,
        null,
        null,
        1,
        null,
        1,
        16,
        16,
        16,
        16,
        16,
        16,
        16,
        null,
        null
      ],
      "/Users/student/Documents/week10/bank challenge/lib/account.rb": [
        1,
        1,
        null,
        1,
        10,
        10,
        null,
        null,
        1,
        4,
        4,
        null,
        null,
        1,
        4,
        4,
        null,
        null,
        1,
        2,
        2,
        2,
        null,
        2,
        null,
        null,
        1,
        null,
        1,
        2,
        2,
        2,
        null,
        null,
        1,
        2,
        null,
        null
      ],
      "/Users/student/Documents/week10/bank challenge/lib/transaction.rb": [
        1,
        1,
        null,
        1,
        10,
        10,
        10,
        10,
        null,
        null
      ],
      "/Users/student/Documents/week10/bank challenge/spec/feature/make_a_deposit_spec.rb": [
        1,
        1,
        1,
        1,
        1,
        1,
        null,
        1,
        1,
        1,
        1,
        1,
        1,
        null,
        1,
        1,
        1,
        2,
        null,
        null
      ],
      "/Users/student/Documents/week10/bank challenge/spec/feature/make_a_withdrawal_spec.rb": [
        1,
        1,
        1,
        1,
        1,
        1,
        null,
        1,
        1,
        1,
        1,
        1,
        1,
        null,
        1,
        1,
        1,
        2,
        null,
        null
      ],
      "/Users/student/Documents/week10/bank challenge/spec/unit/account_spec.rb": [
        1,
        1,
        1,
        1,
        null,
        1,
        1,
        1,
        1,
        1,
        null,
        1,
        1,
        1,
        1,
        1,
        null,
        null
      ],
      "/Users/student/Documents/week10/bank challenge/spec/unit/interaction_spec.rb": [
        1,
        1,
        1,
        1,
        1,
        null,
        null
      ],
      "/Users/student/Documents/week10/bank challenge/spec/unit/transaction_spec.rb": [
        1,
        1,
        1,
        1,
        1,
        1,
        1,
        null,
        1,
        1,
        1,
        1,
        1,
        null,
        null
      ]
    },
    "timestamp": 1571670250
  }
}
